<?xml version="1.0" encoding="UTF-8"?>
<robot generator="Robot 6.1.1 (Python 3.12.0 on win32)" generated="20231014 17:27:23.906" rpa="false" schemaversion="4">
<suite id="s1" name="Test" source="C:\Users\hp\Desktop\Software testing\test\Day 5\jours3\test.robot">
<kw name="Open Browser" library="SeleniumLibrary" type="SETUP">
<arg>${url}</arg>
<arg>${browser}</arg>
<doc>Opens a new browser instance to the optional ``url``.</doc>
<msg timestamp="20231014 17:27:24.105" level="INFO">Opening browser 'chrome' to base url 'https://www.jumia.ma/'.</msg>
<status status="PASS" starttime="20231014 17:27:24.104" endtime="20231014 17:27:27.822"/>
</kw>
<test id="s1-t1" name="First Test" line="48">
<kw name="Double Click Element" library="SeleniumLibrary">
<arg>//*[@id="jm"]/header</arg>
<doc>Double clicks the element identified by ``locator``.</doc>
<msg timestamp="20231014 17:27:27.824" level="INFO">Double clicking element '//*[@id="jm"]/header'.</msg>
<status status="PASS" starttime="20231014 17:27:27.823" endtime="20231014 17:27:28.127"/>
</kw>
<kw name="Search">
<kw name="Click Element" library="SeleniumLibrary">
<arg>//*[@id="jm"]/header/section/div[2]/div[1]/label</arg>
<doc>Click the element identified by ``locator``.</doc>
<msg timestamp="20231014 17:27:28.128" level="INFO">Clicking element '//*[@id="jm"]/header/section/div[2]/div[1]/label'.</msg>
<status status="PASS" starttime="20231014 17:27:28.128" endtime="20231014 17:27:28.193"/>
</kw>
<kw name="Sleep" library="BuiltIn">
<arg>2s</arg>
<doc>Pauses the test executed for the given time.</doc>
<msg timestamp="20231014 17:27:30.193" level="INFO">Slept 2 seconds</msg>
<status status="PASS" starttime="20231014 17:27:28.193" endtime="20231014 17:27:30.193"/>
</kw>
<kw name="Click Element" library="SeleniumLibrary">
<arg>//*[@id="dpdw-login-box"]/div/div/a</arg>
<doc>Click the element identified by ``locator``.</doc>
<msg timestamp="20231014 17:27:30.193" level="INFO">Clicking element '//*[@id="dpdw-login-box"]/div/div/a'.</msg>
<status status="PASS" starttime="20231014 17:27:30.193" endtime="20231014 17:27:34.542"/>
</kw>
<kw name="Sleep" library="BuiltIn">
<arg>2s</arg>
<doc>Pauses the test executed for the given time.</doc>
<msg timestamp="20231014 17:27:36.543" level="INFO">Slept 2 seconds</msg>
<status status="PASS" starttime="20231014 17:27:34.542" endtime="20231014 17:27:36.543"/>
</kw>
<status status="PASS" starttime="20231014 17:27:28.128" endtime="20231014 17:27:36.543"/>
</kw>
<kw name="Login with Invalid Credentials">
<kw name="Input Text" library="SeleniumLibrary">
<arg>//*[@id="input_identifierValue"]</arg>
<arg>${email}</arg>
<doc>Types the given ``text`` into the text field identified by ``locator``.</doc>
<msg timestamp="20231014 17:27:36.544" level="INFO">Typing text 'fcaaisular784998@marketstore.pw' into text field '//*[@id="input_identifierValue"]'.</msg>
<status status="PASS" starttime="20231014 17:27:36.544" endtime="20231014 17:27:38.365"/>
</kw>
<kw name="Sleep" library="BuiltIn">
<arg>2s</arg>
<doc>Pauses the test executed for the given time.</doc>
<msg timestamp="20231014 17:27:40.366" level="INFO">Slept 2 seconds</msg>
<status status="PASS" starttime="20231014 17:27:38.365" endtime="20231014 17:27:40.366"/>
</kw>
<kw name="Click Element" library="SeleniumLibrary">
<arg>//button[starts-with(@class,'mdc-button')]</arg>
<doc>Click the element identified by ``locator``.</doc>
<msg timestamp="20231014 17:27:40.366" level="INFO">Clicking element '//button[starts-with(@class,'mdc-button')]'.</msg>
<status status="PASS" starttime="20231014 17:27:40.366" endtime="20231014 17:27:42.751"/>
</kw>
<kw name="Sleep" library="BuiltIn">
<arg>2s</arg>
<doc>Pauses the test executed for the given time.</doc>
<msg timestamp="20231014 17:27:44.752" level="INFO">Slept 2 seconds</msg>
<status status="PASS" starttime="20231014 17:27:42.751" endtime="20231014 17:27:44.752"/>
</kw>
<kw name="Input Text" library="SeleniumLibrary">
<arg>//input[starts-with(@class,'mdc-text')]</arg>
<arg>mnnmnmn</arg>
<doc>Types the given ``text`` into the text field identified by ``locator``.</doc>
<msg timestamp="20231014 17:27:44.752" level="INFO">Typing text 'mnnmnmn' into text field '//input[starts-with(@class,'mdc-text')]'.</msg>
<status status="PASS" starttime="20231014 17:27:44.752" endtime="20231014 17:27:44.830"/>
</kw>
<kw name="Click Element" library="SeleniumLibrary">
<arg>//button[starts-with(@class,'mdc-button')]</arg>
<doc>Click the element identified by ``locator``.</doc>
<msg timestamp="20231014 17:27:44.830" level="INFO">Clicking element '//button[starts-with(@class,'mdc-button')]'.</msg>
<status status="PASS" starttime="20231014 17:27:44.830" endtime="20231014 17:27:46.862"/>
</kw>
<kw name="Sleep" library="BuiltIn">
<arg>0.5s</arg>
<doc>Pauses the test executed for the given time.</doc>
<msg timestamp="20231014 17:27:47.363" level="INFO">Slept 500 milliseconds</msg>
<status status="PASS" starttime="20231014 17:27:46.862" endtime="20231014 17:27:47.363"/>
</kw>
<kw name="Wait Until Page Contains" library="SeleniumLibrary">
<arg>Mot de passe incorrect. Réessayez ou cliquez sur "Mot de passe oublié?" pour le réinitialiser.</arg>
<doc>Waits until ``text`` appears on the current page.</doc>
<status status="PASS" starttime="20231014 17:27:47.363" endtime="20231014 17:27:47.376"/>
</kw>
<kw name="Capture Page Screenshot" library="SeleniumLibrary">
<doc>Takes a screenshot of the current page and embeds it into a log file.</doc>
<msg timestamp="20231014 17:27:47.476" level="INFO" html="true">&lt;/td&gt;&lt;/tr&gt;&lt;tr&gt;&lt;td colspan="3"&gt;&lt;a href="selenium-screenshot-8.png"&gt;&lt;img src="selenium-screenshot-8.png" width="800px"&gt;&lt;/a&gt;</msg>
<status status="PASS" starttime="20231014 17:27:47.376" endtime="20231014 17:27:47.476"/>
</kw>
<status status="PASS" starttime="20231014 17:27:36.543" endtime="20231014 17:27:47.476"/>
</kw>
<status status="PASS" starttime="20231014 17:27:27.822" endtime="20231014 17:27:47.477"/>
</test>
<kw name="Close Browser" library="SeleniumLibrary" type="TEARDOWN">
<doc>Closes the current browser.</doc>
<status status="PASS" starttime="20231014 17:27:47.478" endtime="20231014 17:27:49.659"/>
</kw>
<doc>This file contains test cases for the login functionality.</doc>
<status status="PASS" starttime="20231014 17:27:23.907" endtime="20231014 17:27:49.659"/>
</suite>
<statistics>
<total>
<stat pass="1" fail="0" skip="0">All Tests</stat>
</total>
<tag>
</tag>
<suite>
<stat pass="1" fail="0" skip="0" id="s1" name="Test">Test</stat>
</suite>
</statistics>
<errors>
</errors>
</robot>
